 ⚠ Warning: Next.js inferred your workspace root, but it may not be correct.
 We detected multiple lockfiles and selected the directory of /Users/shubhamkumar/portfolio-reporting/package-lock.json as the root directory.
 To silence this warning, set `outputFileTracingRoot` in your Next.js config, or consider removing one of the lockfiles if it's not needed.
   See https://nextjs.org/docs/app/api-reference/config/next-config-js/output#caveats for more information.
 Detected additional lockfiles: 
   * /Users/shubhamkumar/portfolio-reporting/LATENCY TOPOLOGY VISUALIZER/toplogy-visualizer/package-lock.json

   ▲ Next.js 16.0.1 (webpack)
   - Local:        http://localhost:3000
   - Network:      http://192.168.1.38:3000

 ✓ Starting...
 ✓ Ready in 1509ms
 GET /api/ws-test 200 in 890ms (compile: 846ms, render: 44ms)
 POST /api/ws-test 200 in 67ms (compile: 11ms, render: 56ms)
 POST /api/ws-test 200 in 23ms (compile: 5ms, render: 18ms)
[pruneScheduler] started with interval 3600000ms
 GET / 200 in 3.0s (compile: 2.6s, render: 378ms)
 GET /api/status 200 in 1779ms (compile: 1569ms, render: 209ms)
 GET /api/history 200 in 1745ms (compile: 1536ms, render: 209ms)
 GET /api/locations 200 in 1772ms (compile: 1562ms, render: 210ms)
 GET /api/locations 200 in 1776ms (compile: 1567ms, render: 209ms)
 GET /api/regions 200 in 1778ms (compile: 1564ms, render: 214ms)
 GET /api/regions 200 in 1775ms (compile: 1559ms, render: 216ms)
 ⚠ Fast Refresh had to perform a full reload due to a runtime error.
[pruneScheduler] started with interval 3600000ms
 GET / 200 in 377ms (compile: 54ms, render: 323ms)
 GET /api/locations 200 in 46ms (compile: 36ms, render: 10ms)
 GET /api/locations 200 in 23ms (compile: 13ms, render: 10ms)
 GET /api/status 200 in 410ms (compile: 406ms, render: 4ms)
 GET /api/regions 200 in 428ms (compile: 30ms, render: 398ms)
 GET /api/regions 200 in 424ms (compile: 24ms, render: 401ms)
 GET /api/history 200 in 12ms (compile: 3ms, render: 9ms)
 ⚠ Fast Refresh had to perform a full reload due to a runtime error.
[pruneScheduler] started with interval 3600000ms
 GET / 200 in 572ms (compile: 182ms, render: 390ms)
 GET /api/locations 200 in 40ms (compile: 21ms, render: 19ms)
 GET /api/locations 200 in 32ms (compile: 13ms, render: 20ms)
 GET /api/status 200 in 370ms (compile: 366ms, render: 4ms)
 GET /api/regions 200 in 377ms (compile: 38ms, render: 338ms)
 GET /api/regions 200 in 376ms (compile: 35ms, render: 340ms)
 GET /api/history 200 in 15ms (compile: 10ms, render: 5ms)
 GET / 200 in 130ms (compile: 44ms, render: 86ms)
 GET /api/locations 200 in 24ms (compile: 8ms, render: 16ms)
 GET /api/locations 200 in 22ms (compile: 6ms, render: 16ms)
 GET /api/regions 200 in 285ms (compile: 23ms, render: 262ms)
 GET /api/regions 200 in 287ms (compile: 24ms, render: 264ms)
 GET /api/status 200 in 292ms (compile: 287ms, render: 5ms)
 GET /api/history 200 in 15ms (compile: 10ms, render: 6ms)
 GET / 200 in 64ms (compile: 12ms, render: 52ms)
 GET /api/locations 200 in 22ms (compile: 9ms, render: 14ms)
 GET /api/locations 200 in 20ms (compile: 6ms, render: 14ms)
 GET /api/status 200 in 418ms (compile: 412ms, render: 6ms)
 GET /api/regions 200 in 420ms (compile: 21ms, render: 399ms)
 GET /api/regions 200 in 422ms (compile: 23ms, render: 399ms)
 GET /api/history 200 in 21ms (compile: 18ms, render: 3ms)
 GET / 200 in 60ms (compile: 10ms, render: 51ms)
 GET /api/locations 200 in 38ms (compile: 26ms, render: 13ms)
 GET /api/locations 200 in 35ms (compile: 23ms, render: 13ms)
 GET /api/regions 200 in 408ms (compile: 45ms, render: 362ms)
 GET /api/regions 200 in 402ms (compile: 37ms, render: 365ms)
 GET /api/status 200 in 386ms (compile: 384ms, render: 2ms)
 GET /api/history 200 in 6ms (compile: 5ms, render: 1325µs)
 ⚠ Fast Refresh had to perform a full reload due to a runtime error.
[pruneScheduler] started with interval 3600000ms
 GET / 200 in 1007ms (compile: 457ms, render: 550ms)
 GET /api/status 200 in 1574ms (compile: 1311ms, render: 264ms)
 GET /api/history 200 in 1572ms (compile: 1308ms, render: 264ms)
 GET /api/locations 200 in 1577ms (compile: 1312ms, render: 265ms)
 GET /api/locations 200 in 1587ms (compile: 1322ms, render: 265ms)
 GET /api/regions 200 in 1584ms (compile: 1313ms, render: 271ms)
 GET /api/regions 200 in 1587ms (compile: 1315ms, render: 272ms)
[pruneScheduler] started with interval 3600000ms
 GET / 200 in 297ms (compile: 87ms, render: 210ms)
 GET /api/status 200 in 23ms (compile: 6ms, render: 17ms)
 GET /api/history 200 in 39ms (compile: 27ms, render: 13ms)
 GET /api/locations 200 in 331ms (compile: 325ms, render: 6ms)
 GET /api/locations 200 in 327ms (compile: 321ms, render: 6ms)
 GET /api/regions 200 in 330ms (compile: 43ms, render: 287ms)
 GET /api/regions 200 in 331ms (compile: 43ms, render: 287ms)
 ⨯ ./src/component/Locations.tsx
Error:   [31mx[0m Unexpected token. Did you mean `{'>'}` or `&gt;`?
     ,-[[36;1;4m/Users/shubhamkumar/portfolio-reporting/LATENCY TOPOLOGY VISUALIZER/toplogy-visualizer/src/component/Locations.tsx[0m:190:1]
 [2m187[0m |           to attempt to treat DOM tags like <li> as THREE objects).
 [2m188[0m |       */}
 [2m189[0m | 
 [2m190[0m |   useEffect(() => {
     : [35;1m                ^[0m
 [2m191[0m |     if (typeof document === 'undefined') return;
 [2m192[0m |     const mount = document.createElement('div');
 [2m193[0m |     mount.setAttribute('aria-hidden', 'false');
     `----
  [31mx[0m Expected '</', got 'if'
     ,-[[36;1;4m/Users/shubhamkumar/portfolio-reporting/LATENCY TOPOLOGY VISUALIZER/toplogy-visualizer/src/component/Locations.tsx[0m:191:1]
 [2m188[0m |       */}
 [2m189[0m | 
 [2m190[0m |   useEffect(() => {
 [2m191[0m |     if (typeof document === 'undefined') return;
     : [35;1m    ^^[0m
 [2m192[0m |     const mount = document.createElement('div');
 [2m193[0m |     mount.setAttribute('aria-hidden', 'false');
 [2m194[0m |     mount.className = 'sr-only';
     `----

Caused by:
    Syntax Error

Import trace for requested module:
./src/component/Locations.tsx
./src/component/Scene.tsx
[?25h
